C:\Users\micha\Desktop\CMS\Cms-main\Cms-main\backend\LawAPI\PizzeriaFrontAdmin\wwwroot\app\common.js
C:\Users\micha\Desktop\CMS\Cms-main\Cms-main\backend\LawAPI\PizzeriaFrontAdmin\wwwroot\app\common.js.map
C:\Users\micha\Desktop\CMS\Cms-main\Cms-main\backend\LawAPI\PizzeriaFrontAdmin\wwwroot\app\aboutUs.js
C:\Users\micha\Desktop\CMS\Cms-main\Cms-main\backend\LawAPI\PizzeriaFrontAdmin\wwwroot\app\aboutUs.js.map
C:\Users\micha\Desktop\CMS\Cms-main\Cms-main\backend\LawAPI\PizzeriaFrontAdmin\wwwroot\app\banners.js
C:\Users\micha\Desktop\CMS\Cms-main\Cms-main\backend\LawAPI\PizzeriaFrontAdmin\wwwroot\app\banners.js.map
C:\Users\micha\Desktop\CMS\Cms-main\Cms-main\backend\LawAPI\PizzeriaFrontAdmin\wwwroot\app\categories.js
C:\Users\micha\Desktop\CMS\Cms-main\Cms-main\backend\LawAPI\PizzeriaFrontAdmin\wwwroot\app\categories.js.map
C:\Users\micha\Desktop\CMS\Cms-main\Cms-main\backend\LawAPI\PizzeriaFrontAdmin\wwwroot\app\changePass.js
C:\Users\micha\Desktop\CMS\Cms-main\Cms-main\backend\LawAPI\PizzeriaFrontAdmin\wwwroot\app\changePass.js.map
C:\Users\micha\Desktop\CMS\Cms-main\Cms-main\backend\LawAPI\PizzeriaFrontAdmin\wwwroot\app\contactInfo.js
C:\Users\micha\Desktop\CMS\Cms-main\Cms-main\backend\LawAPI\PizzeriaFrontAdmin\wwwroot\app\contactInfo.js.map
C:\Users\micha\Desktop\CMS\Cms-main\Cms-main\backend\LawAPI\PizzeriaFrontAdmin\wwwroot\app\gallery.js
C:\Users\micha\Desktop\CMS\Cms-main\Cms-main\backend\LawAPI\PizzeriaFrontAdmin\wwwroot\app\gallery.js.map
C:\Users\micha\Desktop\CMS\Cms-main\Cms-main\backend\LawAPI\PizzeriaFrontAdmin\wwwroot\app\homePage.js
C:\Users\micha\Desktop\CMS\Cms-main\Cms-main\backend\LawAPI\PizzeriaFrontAdmin\wwwroot\app\homePage.js.map
C:\Users\micha\Desktop\CMS\Cms-main\Cms-main\backend\LawAPI\PizzeriaFrontAdmin\wwwroot\app\informationTab.js
C:\Users\micha\Desktop\CMS\Cms-main\Cms-main\backend\LawAPI\PizzeriaFrontAdmin\wwwroot\app\informationTab.js.map
C:\Users\micha\Desktop\CMS\Cms-main\Cms-main\backend\LawAPI\PizzeriaFrontAdmin\wwwroot\app\keyvalue.js
C:\Users\micha\Desktop\CMS\Cms-main\Cms-main\backend\LawAPI\PizzeriaFrontAdmin\wwwroot\app\keyvalue.js.map
C:\Users\micha\Desktop\CMS\Cms-main\Cms-main\backend\LawAPI\PizzeriaFrontAdmin\wwwroot\app\menu.js
C:\Users\micha\Desktop\CMS\Cms-main\Cms-main\backend\LawAPI\PizzeriaFrontAdmin\wwwroot\app\menu.js.map
C:\Users\micha\Desktop\CMS\Cms-main\Cms-main\backend\LawAPI\PizzeriaFrontAdmin\wwwroot\app\pages.js
C:\Users\micha\Desktop\CMS\Cms-main\Cms-main\backend\LawAPI\PizzeriaFrontAdmin\wwwroot\app\pages.js.map
C:\Users\micha\Desktop\CMS\Cms-main\Cms-main\backend\LawAPI\PizzeriaFrontAdmin\wwwroot\app\pictures.js
C:\Users\micha\Desktop\CMS\Cms-main\Cms-main\backend\LawAPI\PizzeriaFrontAdmin\wwwroot\app\pictures.js.map
C:\Users\micha\Desktop\CMS\Cms-main\Cms-main\backend\LawAPI\PizzeriaFrontAdmin\wwwroot\app\products.js
C:\Users\micha\Desktop\CMS\Cms-main\Cms-main\backend\LawAPI\PizzeriaFrontAdmin\wwwroot\app\products.js.map
C:\Users\micha\Desktop\CMS\Cms-main\Cms-main\backend\LawAPI\PizzeriaFrontAdmin\wwwroot\app\resetPass.js
C:\Users\micha\Desktop\CMS\Cms-main\Cms-main\backend\LawAPI\PizzeriaFrontAdmin\wwwroot\app\resetPass.js.map
C:\Users\micha\Desktop\CMS\Cms-main\Cms-main\backend\LawAPI\PizzeriaFrontAdmin\wwwroot\app\role.js
C:\Users\micha\Desktop\CMS\Cms-main\Cms-main\backend\LawAPI\PizzeriaFrontAdmin\wwwroot\app\role.js.map
C:\Users\micha\Desktop\CMS\Cms-main\Cms-main\backend\LawAPI\PizzeriaFrontAdmin\wwwroot\app\sliders.js
C:\Users\micha\Desktop\CMS\Cms-main\Cms-main\backend\LawAPI\PizzeriaFrontAdmin\wwwroot\app\sliders.js.map
C:\Users\micha\Desktop\CMS\Cms-main\Cms-main\backend\LawAPI\PizzeriaFrontAdmin\wwwroot\app\socialMedia.js
C:\Users\micha\Desktop\CMS\Cms-main\Cms-main\backend\LawAPI\PizzeriaFrontAdmin\wwwroot\app\socialMedia.js.map
C:\Users\micha\Desktop\CMS\Cms-main\Cms-main\backend\LawAPI\PizzeriaFrontAdmin\wwwroot\app\tabSlider.js
C:\Users\micha\Desktop\CMS\Cms-main\Cms-main\backend\LawAPI\PizzeriaFrontAdmin\wwwroot\app\tabSlider.js.map
C:\Users\micha\Desktop\CMS\Cms-main\Cms-main\backend\LawAPI\PizzeriaFrontAdmin\wwwroot\app\teamMember.js
C:\Users\micha\Desktop\CMS\Cms-main\Cms-main\backend\LawAPI\PizzeriaFrontAdmin\wwwroot\app\teamMember.js.map
C:\Users\micha\Desktop\CMS\Cms-main\Cms-main\backend\LawAPI\PizzeriaFrontAdmin\wwwroot\app\testimonials.js
C:\Users\micha\Desktop\CMS\Cms-main\Cms-main\backend\LawAPI\PizzeriaFrontAdmin\wwwroot\app\testimonials.js.map
